  ▲ Next.js 14.2.28
  - Local:        http://localhost:3000
  - Environments: .env
  - Experiments (use with caution):
    · outputFileTracingRoot

 ✓ Starting...
Attention: Next.js now collects completely anonymous telemetry regarding usage.
This information is used to shape Next.js' roadmap and prioritize features.
You can learn more, including how to opt-out if you'd not like to participate in this anonymous program, by visiting the following URL:
https://nextjs.org/telemetry

 ✓ Ready in 1301ms
 ✓ Compiled /middleware in 220ms
 ✓ Compiled (122 modules)
 ○ Compiling / ...
 ✓ Compiled / in 2.4s (752 modules)
 ○ Compiling /_error ...
 ✓ Compiled /_error in 2.5s (972 modules)
 GET / 500 in 5178ms
 ✓ Compiled in 348ms (972 modules)
[?25h
